<?xml version="1.0" encoding="UTF-8"?>
<!-- Generated by org.testng.reporters.JUnitReportReporter -->
<testsuite name="runner.TestNGRunner" tests="4" time="0.893" ignored="0" failures="0" timestamp="29 Jun 2021 03:22:09 GMT" skipped="0" hostname="FHLT0017" errors="0">
  <testcase name="runScenario" time="0.072" classname="runner.TestNGRunner"/>
  <testcase name="runScenario" time="0.726" classname="runner.TestNGRunner"/>
  <testcase name="runScenario" time="0.025" classname="runner.TestNGRunner"/>
  <testcase name="runScenario" time="0.070" classname="runner.TestNGRunner"/>
</testsuite> <!-- runner.TestNGRunner -->
