<?xml version="1.0" encoding="UTF-8"?>
<!-- Generated by org.testng.reporters.JUnitReportReporter -->
<testsuite name="suite.AndroidTraining.AutoComplete" tests="1" time="33.515" ignored="0" failures="0" timestamp="08 Jul 2021 03:08:22 GMT" skipped="0" hostname="FHLT0017" errors="0">
  <testcase name="autoComplete" time="33.515" classname="suite.AndroidTraining.AutoComplete"/>
</testsuite> <!-- suite.AndroidTraining.AutoComplete -->
