<?xml version="1.0" encoding="UTF-8"?>
<!-- Generated by org.testng.reporters.JUnitReportReporter -->
<testsuite name="suite.AndroidTraining.ToastMessage" tests="1" time="40.798" ignored="0" failures="0" timestamp="08 Jul 2021 03:14:07 GMT" skipped="0" hostname="FHLT0017" errors="0">
  <testcase name="toastMessage" time="40.798" classname="suite.AndroidTraining.ToastMessage"/>
</testsuite> <!-- suite.AndroidTraining.ToastMessage -->
