<?xml version="1.0" encoding="UTF-8"?>
<!-- Generated by org.testng.reporters.JUnitReportReporter -->
<testsuite name="suite.AndroidTraining.SwipeTest" tests="1" time="42.885" ignored="0" failures="0" timestamp="09 Jul 2021 03:21:25 GMT" skipped="0" hostname="FHLT0017" errors="0">
  <testcase name="swipe" time="42.885" classname="suite.AndroidTraining.SwipeTest"/>
</testsuite> <!-- suite.AndroidTraining.SwipeTest -->
