<?xml version="1.0" encoding="UTF-8"?>
<!-- Generated by org.testng.reporters.JUnitReportReporter -->
<testsuite name="suite.AndroidTraining.WebViewTest" tests="1" time="66.012" ignored="0" failures="0" timestamp="12 Jul 2021 02:54:45 GMT" skipped="0" hostname="FHLT0017" errors="0">
  <testcase name="webView" time="66.012" classname="suite.AndroidTraining.WebViewTest"/>
</testsuite> <!-- suite.AndroidTraining.WebViewTest -->
