<?xml version="1.0" encoding="UTF-8"?>
<!-- Generated by org.testng.reporters.JUnitReportReporter -->
<testsuite name="suite.AndroidTraining.KeyEventsTest" tests="1" time="24.670" ignored="0" failures="0" timestamp="08 Jul 2021 03:02:44 GMT" skipped="0" hostname="FHLT0017" errors="0">
  <testcase name="keyEvents" time="24.670" classname="suite.AndroidTraining.KeyEventsTest"/>
</testsuite> <!-- suite.AndroidTraining.KeyEventsTest -->
