<?xml version="1.0" encoding="UTF-8"?>
<!-- Generated by org.testng.reporters.JUnitReportReporter -->
<testsuite name="suite.AndroidTraining.TouchActionTest" tests="1" time="34.787" ignored="0" failures="0" timestamp="09 Jul 2021 03:08:55 GMT" skipped="0" hostname="FHLT0017" errors="0">
  <testcase name="touchactions" time="34.787" classname="suite.AndroidTraining.TouchActionTest"/>
</testsuite> <!-- suite.AndroidTraining.TouchActionTest -->
