<?xml version="1.0" encoding="UTF-8"?>
<!-- Generated by org.testng.reporters.JUnitReportReporter -->
<testsuite name="suite.AndroidTraining.WebViewTest" tests="1" time="213.098" ignored="0" failures="0" timestamp="09 Jul 2021 02:35:36 GMT" skipped="0" hostname="FHLT0017" errors="0">
  <testcase name="webView" time="213.098" classname="suite.AndroidTraining.WebViewTest"/>
</testsuite> <!-- suite.AndroidTraining.WebViewTest -->
