<?xml version="1.0" encoding="UTF-8"?>
<!-- Generated by org.testng.reporters.JUnitReportReporter -->
<testsuite name="suite.AndroidTraining.APIDemo" tests="1" time="34.363" ignored="0" failures="0" timestamp="05 Jul 2021 03:41:35 GMT" skipped="0" hostname="FHLT0017" errors="0">
  <testcase name="lauchApp" time="34.363" classname="suite.AndroidTraining.APIDemo"/>
</testsuite> <!-- suite.AndroidTraining.APIDemo -->
