<?xml version="1.0" encoding="UTF-8"?>
<!-- Generated by org.testng.reporters.JUnitReportReporter -->
<testsuite name="suite.AndroidTraining.TextEntryDialog" tests="1" time="33.567" ignored="0" failures="0" timestamp="06 Jul 2021 03:17:58 GMT" skipped="0" hostname="FHLT0017" errors="0">
  <testcase name="textEntry" time="33.567" classname="suite.AndroidTraining.TextEntryDialog"/>
</testsuite> <!-- suite.AndroidTraining.TextEntryDialog -->
