<?xml version="1.0" encoding="UTF-8"?>
<!-- Generated by org.testng.reporters.JUnitReportReporter -->
<testsuite name="suite.AndroidTraining.UiSelector1" tests="1" time="27.907" ignored="0" failures="0" timestamp="06 Jul 2021 03:42:35 GMT" skipped="0" hostname="FHLT0017" errors="0">
  <testcase name="UiSelector" time="27.907" classname="suite.AndroidTraining.UiSelector1"/>
</testsuite> <!-- suite.AndroidTraining.UiSelector1 -->
