<?xml version="1.0" encoding="UTF-8"?>
<!-- Generated by org.testng.reporters.JUnitReportReporter -->
<testsuite name="suite.AndroidTraining.HorizontalScroll" tests="1" time="52.256" ignored="0" failures="0" timestamp="08 Jul 2021 02:53:45 GMT" skipped="0" hostname="FHLT0017" errors="0">
  <testcase name="horizontalScroll" time="52.256" classname="suite.AndroidTraining.HorizontalScroll"/>
</testsuite> <!-- suite.AndroidTraining.HorizontalScroll -->
