<?xml version="1.0" encoding="UTF-8"?>
<!-- Generated by org.testng.reporters.JUnitReportReporter -->
<testsuite name="runners.TestNGRunner" tests="4" time="28.326" ignored="0" failures="0" timestamp="30 Jun 2021 03:28:27 GMT" skipped="0" hostname="qawbfs" errors="0">
  <testcase name="runScenario" time="11.549" classname="runners.TestNGRunner"/>
  <testcase name="runScenario" time="2.888" classname="runners.TestNGRunner"/>
  <testcase name="runScenario" time="9.388" classname="runners.TestNGRunner"/>
  <testcase name="runScenario" time="4.501" classname="runners.TestNGRunner"/>
</testsuite> <!-- runners.TestNGRunner -->
